<?xml version="1.0" encoding="UTF-8"?>
<coverage generated="1701220367859" clover="3.2.0">
  <project timestamp="1701220367860" name="All files">
    <metrics statements="71" coveredstatements="64" conditionals="42" coveredconditionals="31" methods="12" coveredmethods="6" elements="125" coveredelements="101" complexity="0" loc="71" ncloc="71" packages="1" files="2" classes="2"/>
    <file name="setup-makefile-infra.mjs" path="/Users/zane/playground/liquid-labs/sdlc-lib-makefiles/src/setup-makefile-infra.mjs">
      <metrics statements="44" coveredstatements="40" conditionals="24" coveredconditionals="16" methods="7" coveredmethods="4"/>
      <line num="1" count="1" type="stmt"/>
      <line num="2" count="1" type="stmt"/>
      <line num="4" count="163" type="cond" truecount="6" falsecount="0"/>
      <line num="6" count="1" type="stmt"/>
      <line num="7" count="1" type="stmt"/>
      <line num="20" count="1" type="cond" truecount="1" falsecount="0"/>
      <line num="21" count="1" type="stmt"/>
      <line num="26" count="1" type="cond" truecount="1" falsecount="0"/>
      <line num="27" count="1" type="stmt"/>
      <line num="32" count="1" type="cond" truecount="1" falsecount="0"/>
      <line num="33" count="1" type="stmt"/>
      <line num="38" count="1" type="stmt"/>
      <line num="43" count="1" type="stmt"/>
      <line num="46" count="1" type="stmt"/>
      <line num="47" count="1" type="stmt"/>
      <line num="55" count="1" type="cond" truecount="1" falsecount="1"/>
      <line num="56" count="1" type="stmt"/>
      <line num="65" count="0" type="stmt"/>
      <line num="70" count="1" type="cond" truecount="1" falsecount="0"/>
      <line num="71" count="1" type="stmt"/>
      <line num="80" count="1" type="cond" truecount="1" falsecount="0"/>
      <line num="81" count="1" type="stmt"/>
      <line num="88" count="1" type="cond" truecount="2" falsecount="1"/>
      <line num="89" count="1" type="stmt"/>
      <line num="96" count="1" type="stmt"/>
      <line num="99" count="1" type="stmt"/>
      <line num="102" count="1" type="cond" truecount="0" falsecount="1"/>
      <line num="103" count="0" type="cond" truecount="0" falsecount="1"/>
      <line num="104" count="0" type="cond" truecount="0" falsecount="1"/>
      <line num="106" count="0" type="cond" truecount="0" falsecount="1"/>
      <line num="109" count="1" type="stmt"/>
      <line num="111" count="1" type="stmt"/>
      <line num="113" count="1" type="stmt"/>
      <line num="115" count="1" type="stmt"/>
      <line num="116" count="1" type="stmt"/>
      <line num="117" count="1" type="stmt"/>
      <line num="119" count="1" type="stmt"/>
      <line num="120" count="1" type="stmt"/>
      <line num="122" count="1" type="stmt"/>
      <line num="123" count="1" type="stmt"/>
      <line num="124" count="1" type="stmt"/>
      <line num="125" count="1" type="stmt"/>
      <line num="127" count="1" type="stmt"/>
      <line num="146" count="1" type="stmt"/>
    </file>
    <file name="setup-makefile-locations.js" path="/Users/zane/playground/liquid-labs/sdlc-lib-makefiles/src/setup-makefile-locations.js">
      <metrics statements="27" coveredstatements="24" conditionals="18" coveredconditionals="15" methods="5" coveredmethods="2"/>
      <line num="1" count="1" type="stmt"/>
      <line num="2" count="1" type="stmt"/>
      <line num="3" count="1" type="stmt"/>
      <line num="5" count="1" type="stmt"/>
      <line num="7" count="163" type="cond" truecount="6" falsecount="0"/>
      <line num="9" count="1" type="stmt"/>
      <line num="13" count="0" type="cond" truecount="0" falsecount="1"/>
      <line num="14" count="0" type="cond" truecount="0" falsecount="1"/>
      <line num="20" count="0" type="cond" truecount="0" falsecount="1"/>
      <line num="22" count="2" type="stmt"/>
      <line num="23" count="2" type="cond" truecount="1" falsecount="0"/>
      <line num="24" count="1" type="stmt"/>
      <line num="28" count="1" type="stmt"/>
      <line num="30" count="1" type="stmt"/>
      <line num="35" count="1" type="cond" truecount="1" falsecount="0"/>
      <line num="36" count="1" type="stmt"/>
      <line num="38" count="1" type="stmt"/>
      <line num="43" count="1" type="cond" truecount="1" falsecount="0"/>
      <line num="44" count="1" type="stmt"/>
      <line num="47" count="1" type="stmt"/>
      <line num="49" count="1" type="stmt"/>
      <line num="50" count="1" type="stmt"/>
      <line num="51" count="1" type="stmt"/>
      <line num="53" count="1" type="stmt"/>
      <line num="54" count="1" type="stmt"/>
      <line num="56" count="1" type="stmt"/>
      <line num="68" count="1" type="stmt"/>
    </file>
  </project>
</coverage>
