{"/Users/zane/playground/liquid-labs/sdlc-lib-makefiles/src/setup-makefile-infra.mjs": {"path":"/Users/zane/playground/liquid-labs/sdlc-lib-makefiles/src/setup-makefile-infra.mjs","statementMap":{"0":{"start":{"line":1,"column":0},"end":{"line":1,"column":null}},"1":{"start":{"line":2,"column":0},"end":{"line":2,"column":null}},"2":{"start":{"line":4,"column":0},"end":{"line":4,"column":79}},"3":{"start":{"line":4,"column":79},"end":{"line":4,"column":null}},"4":{"start":{"line":6,"column":31},"end":{"line":44,"column":1}},"5":{"start":{"line":7,"column":18},"end":{"line":18,"column":1}},"6":{"start":{"line":20,"column":2},"end":{"line":24,"column":null}},"7":{"start":{"line":21,"column":4},"end":{"line":23,"column":null}},"8":{"start":{"line":26,"column":2},"end":{"line":30,"column":null}},"9":{"start":{"line":27,"column":4},"end":{"line":29,"column":null}},"10":{"start":{"line":32,"column":2},"end":{"line":36,"column":null}},"11":{"start":{"line":33,"column":4},"end":{"line":35,"column":null}},"12":{"start":{"line":38,"column":2},"end":{"line":42,"column":null}},"13":{"start":{"line":43,"column":2},"end":{"line":43,"column":null}},"14":{"start":{"line":46,"column":35},"end":{"line":100,"column":1}},"15":{"start":{"line":47,"column":18},"end":{"line":54,"column":1}},"16":{"start":{"line":55,"column":2},"end":{"line":68,"column":null}},"17":{"start":{"line":56,"column":4},"end":{"line":62,"column":null}},"18":{"start":{"line":65,"column":4},"end":{"line":67,"column":null}},"19":{"start":{"line":70,"column":2},"end":{"line":78,"column":null}},"20":{"start":{"line":71,"column":4},"end":{"line":77,"column":null}},"21":{"start":{"line":80,"column":2},"end":{"line":86,"column":null}},"22":{"start":{"line":81,"column":4},"end":{"line":85,"column":null}},"23":{"start":{"line":88,"column":2},"end":{"line":94,"column":null}},"24":{"start":{"line":89,"column":4},"end":{"line":93,"column":null}},"25":{"start":{"line":96,"column":2},"end":{"line":97,"column":null}},"26":{"start":{"line":99,"column":2},"end":{"line":99,"column":null}},"27":{"start":{"line":102,"column":27},"end":{"line":146,"column":1}},"28":{"start":{"line":103,"column":8},"end":{"line":103,"column":17}},"29":{"start":{"line":104,"column":11},"end":{"line":104,"column":20}},"30":{"start":{"line":106,"column":16},"end":{"line":106,"column":25}},"31":{"start":{"line":109,"column":4},"end":{"line":109,"column":83}},"32":{"start":{"line":111,"column":27},"end":{"line":111,"column":74}},"33":{"start":{"line":113,"column":31},"end":{"line":113,"column":105}},"34":{"start":{"line":115,"column":27},"end":{"line":115,"column":28}},"35":{"start":{"line":116,"column":26},"end":{"line":116,"column":36}},"36":{"start":{"line":117,"column":26},"end":{"line":117,"column":70}},"37":{"start":{"line":119,"column":2},"end":{"line":119,"column":null}},"38":{"start":{"line":120,"column":2},"end":{"line":120,"column":null}},"39":{"start":{"line":122,"column":31},"end":{"line":122,"column":33}},"40":{"start":{"line":123,"column":30},"end":{"line":123,"column":93}},"41":{"start":{"line":124,"column":30},"end":{"line":124,"column":78}},"42":{"start":{"line":125,"column":2},"end":{"line":125,"column":null}},"43":{"start":{"line":127,"column":2},"end":{"line":145,"column":null}},"44":{"start":{"line":146,"column":1},"end":{"line":146,"column":null}}},"fnMap":{"0":{"name":"_getRequireWildcardCache","decl":{"start":{"line":4,"column":79},"end":{"line":4,"column":null}},"loc":{"start":{"line":4,"column":79},"end":{"line":4,"column":null}}},"1":{"name":"(anonymous_3)","decl":{"start":{"line":6,"column":31},"end":{"line":6,"column":32}},"loc":{"start":{"line":6,"column":83},"end":{"line":44,"column":1}}},"2":{"name":"(anonymous_4)","decl":{"start":{"line":46,"column":35},"end":{"line":46,"column":36}},"loc":{"start":{"line":46,"column":87},"end":{"line":100,"column":1}}},"3":{"name":"(anonymous_5)","decl":{"start":{"line":102,"column":27},"end":{"line":102,"column":33}},"loc":{"start":{"line":107,"column":11},"end":{"line":146,"column":1}}},"4":{"name":"(anonymous_6)","decl":{"start":{"line":103,"column":8},"end":{"line":103,"column":17}},"loc":{"start":{"line":103,"column":8},"end":{"line":103,"column":17}}},"5":{"name":"(anonymous_7)","decl":{"start":{"line":104,"column":11},"end":{"line":104,"column":20}},"loc":{"start":{"line":104,"column":11},"end":{"line":104,"column":20}}},"6":{"name":"(anonymous_8)","decl":{"start":{"line":106,"column":16},"end":{"line":106,"column":25}},"loc":{"start":{"line":106,"column":16},"end":{"line":106,"column":25}}}},"branchMap":{"0":{"loc":{"start":{"line":4,"column":79},"end":{"line":4,"column":null}},"type":"if","locations":[{"start":{"line":4,"column":79},"end":{"line":4,"column":null}}]},"1":{"loc":{"start":{"line":4,"column":79},"end":{"line":4,"column":null}},"type":"cond-expr","locations":[{"start":{"line":4,"column":79},"end":{"line":4,"column":null}},{"start":{"line":4,"column":79},"end":{"line":4,"column":null}}]},"2":{"loc":{"start":{"line":4,"column":79},"end":{"line":4,"column":null}},"type":"binary-expr","locations":[{"start":{"line":4,"column":79},"end":{"line":4,"column":null}},{"start":{"line":4,"column":79},"end":{"line":4,"column":null}},{"start":{"line":4,"column":79},"end":{"line":4,"column":null}}]},"3":{"loc":{"start":{"line":20,"column":2},"end":{"line":24,"column":null}},"type":"if","locations":[{"start":{"line":20,"column":2},"end":{"line":24,"column":null}}]},"4":{"loc":{"start":{"line":26,"column":2},"end":{"line":30,"column":null}},"type":"if","locations":[{"start":{"line":26,"column":2},"end":{"line":30,"column":null}}]},"5":{"loc":{"start":{"line":32,"column":2},"end":{"line":36,"column":null}},"type":"if","locations":[{"start":{"line":32,"column":2},"end":{"line":36,"column":null}}]},"6":{"loc":{"start":{"line":55,"column":2},"end":{"line":68,"column":null}},"type":"if","locations":[{"start":{"line":55,"column":2},"end":{"line":68,"column":null}},{"start":{"line":64,"column":7},"end":{"line":68,"column":null}}]},"7":{"loc":{"start":{"line":70,"column":2},"end":{"line":78,"column":null}},"type":"if","locations":[{"start":{"line":70,"column":2},"end":{"line":78,"column":null}}]},"8":{"loc":{"start":{"line":80,"column":2},"end":{"line":86,"column":null}},"type":"if","locations":[{"start":{"line":80,"column":2},"end":{"line":86,"column":null}}]},"9":{"loc":{"start":{"line":88,"column":2},"end":{"line":94,"column":null}},"type":"if","locations":[{"start":{"line":88,"column":2},"end":{"line":94,"column":null}}]},"10":{"loc":{"start":{"line":88,"column":6},"end":{"line":88,"column":40}},"type":"binary-expr","locations":[{"start":{"line":88,"column":6},"end":{"line":88,"column":21}},{"start":{"line":88,"column":25},"end":{"line":88,"column":40}}]},"11":{"loc":{"start":{"line":90,"column":6},"end":{"line":90,"column":36}},"type":"cond-expr","locations":[{"start":{"line":90,"column":24},"end":{"line":90,"column":26}},{"start":{"line":90,"column":29},"end":{"line":90,"column":36}}]},"12":{"loc":{"start":{"line":90,"column":39},"end":{"line":90,"column":69}},"type":"cond-expr","locations":[{"start":{"line":90,"column":57},"end":{"line":90,"column":59}},{"start":{"line":90,"column":62},"end":{"line":90,"column":69}}]},"13":{"loc":{"start":{"line":102,"column":33},"end":{"line":107,"column":6}},"type":"default-arg","locations":[{"start":{"line":107,"column":4},"end":{"line":107,"column":6}}]},"14":{"loc":{"start":{"line":103,"column":2},"end":{"line":103,"column":null}},"type":"default-arg","locations":[{"start":{"line":103,"column":8},"end":{"line":103,"column":null}}]},"15":{"loc":{"start":{"line":104,"column":2},"end":{"line":104,"column":null}},"type":"default-arg","locations":[{"start":{"line":104,"column":11},"end":{"line":104,"column":null}}]},"16":{"loc":{"start":{"line":106,"column":2},"end":{"line":106,"column":null}},"type":"default-arg","locations":[{"start":{"line":106,"column":16},"end":{"line":106,"column":null}}]}},"s":{"0":1,"1":1,"2":1,"3":216,"4":1,"5":1,"6":1,"7":1,"8":1,"9":1,"10":1,"11":1,"12":1,"13":1,"14":1,"15":1,"16":1,"17":1,"18":0,"19":1,"20":1,"21":1,"22":1,"23":1,"24":1,"25":1,"26":1,"27":1,"28":0,"29":0,"30":0,"31":1,"32":1,"33":1,"34":1,"35":1,"36":1,"37":1,"38":1,"39":1,"40":1,"41":1,"42":1,"43":1,"44":1},"f":{"0":5,"1":1,"2":1,"3":1,"4":0,"5":0,"6":0},"b":{"0":[49],"1":[98,100],"2":[51,51,49],"3":[1],"4":[1],"5":[1],"6":[1,0],"7":[1],"8":[1],"9":[1],"10":[1,0],"11":[0,1],"12":[0,1],"13":[0],"14":[0],"15":[0],"16":[0]}}
,"/Users/zane/playground/liquid-labs/sdlc-lib-makefiles/src/setup-makefile-locations.js": {"path":"/Users/zane/playground/liquid-labs/sdlc-lib-makefiles/src/setup-makefile-locations.js","statementMap":{"0":{"start":{"line":1,"column":0},"end":{"line":1,"column":null}},"1":{"start":{"line":2,"column":0},"end":{"line":2,"column":null}},"2":{"start":{"line":3,"column":0},"end":{"line":3,"column":null}},"3":{"start":{"line":5,"column":0},"end":{"line":5,"column":null}},"4":{"start":{"line":7,"column":0},"end":{"line":7,"column":79}},"5":{"start":{"line":7,"column":79},"end":{"line":7,"column":null}},"6":{"start":{"line":9,"column":31},"end":{"line":68,"column":1}},"7":{"start":{"line":13,"column":8},"end":{"line":13,"column":17}},"8":{"start":{"line":14,"column":11},"end":{"line":14,"column":20}},"9":{"start":{"line":20,"column":16},"end":{"line":20,"column":25}},"10":{"start":{"line":22,"column":22},"end":{"line":22,"column":58}},"11":{"start":{"line":23,"column":2},"end":{"line":25,"column":null}},"12":{"start":{"line":24,"column":4},"end":{"line":24,"column":null}},"13":{"start":{"line":28,"column":4},"end":{"line":28,"column":83}},"14":{"start":{"line":30,"column":18},"end":{"line":34,"column":1}},"15":{"start":{"line":35,"column":2},"end":{"line":41,"column":null}},"16":{"start":{"line":36,"column":27},"end":{"line":36,"column":59}},"17":{"start":{"line":38,"column":4},"end":{"line":40,"column":null}},"18":{"start":{"line":43,"column":2},"end":{"line":45,"column":null}},"19":{"start":{"line":44,"column":4},"end":{"line":44,"column":null}},"20":{"start":{"line":47,"column":2},"end":{"line":47,"column":null}},"21":{"start":{"line":49,"column":19},"end":{"line":49,"column":21}},"22":{"start":{"line":50,"column":33},"end":{"line":50,"column":80}},"23":{"start":{"line":51,"column":33},"end":{"line":51,"column":84}},"24":{"start":{"line":53,"column":2},"end":{"line":53,"column":null}},"25":{"start":{"line":54,"column":2},"end":{"line":54,"column":null}},"26":{"start":{"line":56,"column":2},"end":{"line":67,"column":null}},"27":{"start":{"line":68,"column":1},"end":{"line":68,"column":null}}},"fnMap":{"0":{"name":"_getRequireWildcardCache","decl":{"start":{"line":7,"column":79},"end":{"line":7,"column":null}},"loc":{"start":{"line":7,"column":79},"end":{"line":7,"column":null}}},"1":{"name":"(anonymous_3)","decl":{"start":{"line":9,"column":31},"end":{"line":9,"column":37}},"loc":{"start":{"line":21,"column":6},"end":{"line":68,"column":1}}},"2":{"name":"(anonymous_4)","decl":{"start":{"line":13,"column":8},"end":{"line":13,"column":17}},"loc":{"start":{"line":13,"column":8},"end":{"line":13,"column":17}}},"3":{"name":"(anonymous_5)","decl":{"start":{"line":14,"column":11},"end":{"line":14,"column":20}},"loc":{"start":{"line":14,"column":11},"end":{"line":14,"column":20}}},"4":{"name":"(anonymous_6)","decl":{"start":{"line":20,"column":16},"end":{"line":20,"column":25}},"loc":{"start":{"line":20,"column":16},"end":{"line":20,"column":25}}}},"branchMap":{"0":{"loc":{"start":{"line":7,"column":79},"end":{"line":7,"column":null}},"type":"if","locations":[{"start":{"line":7,"column":79},"end":{"line":7,"column":null}}]},"1":{"loc":{"start":{"line":7,"column":79},"end":{"line":7,"column":null}},"type":"cond-expr","locations":[{"start":{"line":7,"column":79},"end":{"line":7,"column":null}},{"start":{"line":7,"column":79},"end":{"line":7,"column":null}}]},"2":{"loc":{"start":{"line":7,"column":79},"end":{"line":7,"column":null}},"type":"binary-expr","locations":[{"start":{"line":7,"column":79},"end":{"line":7,"column":null}},{"start":{"line":7,"column":79},"end":{"line":7,"column":null}},{"start":{"line":7,"column":79},"end":{"line":7,"column":null}}]},"3":{"loc":{"start":{"line":10,"column":2},"end":{"line":10,"column":19}},"type":"default-arg","locations":[{"start":{"line":10,"column":13},"end":{"line":10,"column":19}}]},"4":{"loc":{"start":{"line":11,"column":2},"end":{"line":11,"column":22}},"type":"default-arg","locations":[{"start":{"line":11,"column":17},"end":{"line":11,"column":22}}]},"5":{"loc":{"start":{"line":12,"column":2},"end":{"line":12,"column":20}},"type":"default-arg","locations":[{"start":{"line":12,"column":15},"end":{"line":12,"column":20}}]},"6":{"loc":{"start":{"line":13,"column":2},"end":{"line":13,"column":null}},"type":"default-arg","locations":[{"start":{"line":13,"column":8},"end":{"line":13,"column":null}}]},"7":{"loc":{"start":{"line":14,"column":2},"end":{"line":14,"column":null}},"type":"default-arg","locations":[{"start":{"line":14,"column":11},"end":{"line":14,"column":null}}]},"8":{"loc":{"start":{"line":17,"column":2},"end":{"line":17,"column":15}},"type":"default-arg","locations":[{"start":{"line":17,"column":11},"end":{"line":17,"column":15}}]},"9":{"loc":{"start":{"line":18,"column":2},"end":{"line":18,"column":17}},"type":"default-arg","locations":[{"start":{"line":18,"column":12},"end":{"line":18,"column":17}}]},"10":{"loc":{"start":{"line":19,"column":2},"end":{"line":19,"column":34}},"type":"default-arg","locations":[{"start":{"line":19,"column":20},"end":{"line":19,"column":34}}]},"11":{"loc":{"start":{"line":20,"column":2},"end":{"line":20,"column":null}},"type":"default-arg","locations":[{"start":{"line":20,"column":16},"end":{"line":20,"column":null}}]},"12":{"loc":{"start":{"line":23,"column":2},"end":{"line":25,"column":null}},"type":"if","locations":[{"start":{"line":23,"column":2},"end":{"line":25,"column":null}}]},"13":{"loc":{"start":{"line":35,"column":2},"end":{"line":41,"column":null}},"type":"if","locations":[{"start":{"line":35,"column":2},"end":{"line":41,"column":null}}]},"14":{"loc":{"start":{"line":43,"column":2},"end":{"line":45,"column":null}},"type":"if","locations":[{"start":{"line":43,"column":2},"end":{"line":45,"column":null}}]}},"s":{"0":1,"1":1,"2":1,"3":1,"4":1,"5":216,"6":1,"7":0,"8":0,"9":0,"10":2,"11":2,"12":1,"13":1,"14":1,"15":1,"16":1,"17":1,"18":1,"19":1,"20":1,"21":1,"22":1,"23":1,"24":1,"25":1,"26":1,"27":1},"f":{"0":5,"1":2,"2":0,"3":0,"4":0},"b":{"0":[49],"1":[98,100],"2":[51,51,49],"3":[2],"4":[2],"5":[2],"6":[0],"7":[0],"8":[2],"9":[2],"10":[2],"11":[0],"12":[1],"13":[1],"14":[1]}}
}
